[2012-04-03 18:15:01] checksms status<br />
[2012-04-03 18:15:01] updating smslog 3, 0<br />
[2012-04-03 21:05:02] checksms status<br />
[2012-04-03 21:05:02] updating smslog 40, 40<br />
[2012-04-03 21:05:02] cek total count untuk Campaign #97, Total=27, Success=27<br />
[2012-04-03 21:05:02] Report: IndoCRM: Report Campaign #97 "Rimender"<br />
Campaign Rimender telah terkirim dengan detail sbb
Total terkirim: 27



--
Pesan ini telah diproduksi dan didistribusikan oleh PT Sinar Media Tiga, Raya Sulfat 96c, Malang, Indonesia 65123 - 0341-406633<br />
[2012-04-03 21:05:03] cek total count untuk Campaign #108, Total=1, Success=1<br />
[2012-04-03 21:05:03] Report: IndoCRM: Report Campaign #108 "Kirim SMS"<br />
Campaign Kirim SMS telah terkirim dengan detail sbb
Total terkirim: 1



--
Pesan ini telah diproduksi dan didistribusikan oleh PT Sinar Media Tiga, Raya Sulfat 96c, Malang, Indonesia 65123 - 0341-406633<br />
[2012-04-03 21:05:04] cek total count untuk Campaign #109, Total=1, Success=1<br />
[2012-04-03 21:05:04] Report: IndoCRM: Report Campaign #109 "Tes"<br />
Campaign Tes telah terkirim dengan detail sbb
Total terkirim: 1



--
Pesan ini telah diproduksi dan didistribusikan oleh PT Sinar Media Tiga, Raya Sulfat 96c, Malang, Indonesia 65123 - 0341-406633<br />
[2012-04-03 21:05:04] cek total count untuk Campaign #110, Total=1, Success=1<br />
[2012-04-03 21:05:04] Report: IndoCRM: Report Campaign #110 "Tes kanpain siji maneh"<br />
Campaign Tes kanpain siji maneh telah terkirim dengan detail sbb
Total terkirim: 1



--
Pesan ini telah diproduksi dan didistribusikan oleh PT Sinar Media Tiga, Raya Sulfat 96c, Malang, Indonesia 65123 - 0341-406633<br />
[2012-04-03 21:05:04] cek total count untuk Campaign #111, Total=6, Success=6<br />
[2012-04-03 21:05:04] Report: IndoCRM: Report Campaign #111 "Tes google history"<br />
Campaign Tes google history telah terkirim dengan detail sbb
Total terkirim: 6



--
Pesan ini telah diproduksi dan didistribusikan oleh PT Sinar Media Tiga, Raya Sulfat 96c, Malang, Indonesia 65123 - 0341-406633<br />
[2012-04-03 21:10:01] checksms status<br />
[2012-04-03 21:15:01] checksms status<br />
[2012-04-03 21:15:01] updating smslog 5, 5<br />
[2012-04-03 21:15:01] cek total count untuk Campaign #112, Total=5, Success=5<br />
[2012-04-03 21:15:01] Report: IndoCRM: Report Campaign #112 "Tes late night"<br />
Campaign Tes late night telah terkirim dengan detail sbb
Total terkirim: 5



--
Pesan ini telah diproduksi dan didistribusikan oleh PT Sinar Media Tiga, Raya Sulfat 96c, Malang, Indonesia 65123 - 0341-406633<br />
[2012-04-03 21:20:02] checksms status<br />
[2012-04-03 21:25:01] checksms status<br />
[2012-04-03 21:30:03] checksms status<br />
[2012-04-03 21:35:01] checksms status<br />
[2012-04-03 21:40:02] checksms status<br />
[2012-04-03 21:45:02] checksms status<br />
[2012-04-03 21:50:03] checksms status<br />
[2012-04-03 21:55:02] checksms status<br />
[2012-04-03 22:00:04] checksms status<br />
[2012-04-03 22:05:01] checksms status<br />
[2012-04-03 22:05:01] updating smslog 1, 1<br />
[2012-04-03 22:10:09] checksms status<br />
[2012-04-03 22:15:02] checksms status<br />
[2012-04-03 22:20:05] checksms status<br />
[2012-04-03 22:25:01] checksms status<br />
[2012-04-03 22:30:02] checksms status<br />
[2012-04-03 22:35:01] checksms status<br />
[2012-04-03 22:40:01] checksms status<br />
[2012-04-03 22:45:01] checksms status<br />
[2012-04-03 22:45:01] updating smslog 1, 1<br />
[2012-04-03 22:50:01] checksms status<br />
[2012-04-03 22:50:01] updating smslog 6, 6<br />
[2012-04-03 22:50:01] cek total count untuk Campaign #114, Total=6, Success=6<br />
[2012-04-03 22:50:01] Report: IndoCRM: Report Campaign #114 "Test crontab 2"<br />
Campaign Test crontab 2 telah terkirim dengan detail sbb
Total terkirim: 6



--
Pesan ini telah diproduksi dan didistribusikan oleh PT Sinar Media Tiga, Raya Sulfat 96c, Malang, Indonesia 65123 - 0341-406633<br />
[2012-04-03 22:55:01] checksms status<br />
[2012-04-03 23:00:01] checksms status<br />
[2012-04-03 23:05:01] checksms status<br />
[2012-04-03 23:10:03] checksms status<br />
[2012-04-03 23:15:01] checksms status<br />
[2012-04-03 23:20:01] checksms status<br />
[2012-04-03 23:25:01] checksms status<br />
[2012-04-03 23:30:03] checksms status<br />
[2012-04-03 23:35:01] checksms status<br />
[2012-04-03 23:40:03] checksms status<br />
[2012-04-03 23:45:01] checksms status<br />
[2012-04-03 23:50:01] checksms status<br />
[2012-04-03 23:55:01] checksms status<br />
[2012-04-04 00:00:02] checksms status<br />
[2012-04-04 00:05:01] checksms status<br />
[2012-04-04 00:10:02] checksms status<br />
[2012-04-04 00:15:01] checksms status<br />
[2012-04-04 00:20:01] checksms status<br />
[2012-04-04 00:25:01] checksms status<br />
[2012-04-04 00:30:02] checksms status<br />
[2012-04-04 00:35:01] checksms status<br />
[2012-04-04 00:40:03] checksms status<br />
[2012-04-04 00:45:01] checksms status<br />
[2012-04-04 00:50:04] checksms status<br />
[2012-04-04 00:55:02] checksms status<br />
[2012-04-04 01:00:02] checksms status<br />
[2012-04-04 01:05:01] checksms status<br />
[2012-04-04 01:10:03] checksms status<br />
[2012-04-04 01:15:01] checksms status<br />
[2012-04-04 01:20:01] checksms status<br />
[2012-04-04 01:25:01] checksms status<br />
[2012-04-04 01:30:01] checksms status<br />
[2012-04-04 01:35:01] checksms status<br />
[2012-04-04 01:40:02] checksms status<br />
[2012-04-04 01:45:04] checksms status<br />
[2012-04-04 01:50:01] checksms status<br />
[2012-04-04 01:55:01] checksms status<br />
[2012-04-04 02:00:02] checksms status<br />
[2012-04-04 02:05:01] checksms status<br />
[2012-04-04 02:10:02] checksms status<br />
[2012-04-04 02:15:02] checksms status<br />
[2012-04-04 02:20:02] checksms status<br />
[2012-04-04 02:25:01] checksms status<br />
[2012-04-04 02:25:01] updating smslog 1, 1<br />
[2012-04-04 02:30:01] checksms status<br />
[2012-04-04 02:35:01] checksms status<br />
[2012-04-04 02:40:01] checksms status<br />
[2012-04-04 02:45:01] checksms status<br />
[2012-04-04 02:50:02] checksms status<br />
[2012-04-04 02:55:01] checksms status<br />
[2012-04-04 03:00:01] checksms status<br />
[2012-04-04 03:05:01] checksms status<br />
[2012-04-04 03:10:01] checksms status<br />
[2012-04-04 03:15:01] checksms status<br />
[2012-04-04 03:20:01] checksms status<br />
[2012-04-04 03:25:01] checksms status<br />
[2012-04-04 03:30:03] checksms status<br />
[2012-04-04 03:35:02] checksms status<br />
[2012-04-04 03:40:04] checksms status<br />
[2012-04-04 03:45:01] checksms status<br />
[2012-04-04 03:50:01] checksms status<br />
[2012-04-04 03:55:01] checksms status<br />
[2012-04-04 04:00:08] checksms status<br />
[2012-04-04 04:05:02] checksms status<br />
[2012-04-04 04:10:01] checksms status<br />
[2012-04-04 04:15:01] checksms status<br />
[2012-04-04 04:20:01] checksms status<br />
[2012-04-04 04:25:01] checksms status<br />
[2012-04-04 04:30:03] checksms status<br />
[2012-04-04 04:35:02] checksms status<br />
[2012-04-04 04:40:03] checksms status<br />
[2012-04-04 04:45:01] checksms status<br />
[2012-04-04 04:50:03] checksms status<br />
[2012-04-04 04:55:01] checksms status<br />
[2012-04-04 05:00:07] checksms status<br />
[2012-04-04 05:05:02] checksms status<br />
[2012-04-04 05:10:03] checksms status<br />
[2012-04-04 05:15:01] checksms status<br />
[2012-04-04 05:20:08] checksms status<br />
[2012-04-04 05:25:02] checksms status<br />
[2012-04-04 05:30:05] checksms status<br />
[2012-04-04 05:35:01] checksms status<br />
[2012-04-04 05:40:06] checksms status<br />
[2012-04-04 05:45:02] checksms status<br />
[2012-04-04 05:50:02] checksms status<br />
[2012-04-04 05:55:01] checksms status<br />
[2012-04-04 06:00:01] checksms status<br />
[2012-04-04 06:05:01] checksms status<br />
[2012-04-04 06:05:01] updating smslog 6, 6<br />
[2012-04-04 06:05:01] cek total count untuk Campaign #115, Total=6, Success=6<br />
[2012-04-04 06:05:01] Report: IndoCRM: Report Campaign #115 "About simetri"<br />
Campaign About simetri telah terkirim dengan detail sbb
Total terkirim: 6



--
Pesan ini telah diproduksi dan didistribusikan oleh PT Sinar Media Tiga, Raya Sulfat 96c, Malang, Indonesia 65123 - 0341-406633<br />
[2012-04-04 06:10:02] checksms status<br />
[2012-04-04 06:15:01] checksms status<br />
[2012-04-04 06:20:01] checksms status<br />
[2012-04-04 06:25:01] checksms status<br />
[2012-04-04 06:30:03] checksms status<br />
[2012-04-04 06:35:01] checksms status<br />
[2012-04-04 06:40:02] checksms status<br />
[2012-04-04 06:45:01] checksms status<br />
[2012-04-04 06:50:05] checksms status<br />
[2012-04-04 06:55:01] checksms status<br />
[2012-04-04 07:00:01] checksms status<br />
[2012-04-04 07:05:01] checksms status<br />
[2012-04-04 07:10:03] checksms status<br />
[2012-04-04 07:15:01] checksms status<br />
[2012-04-04 07:20:04] checksms status<br />
[2012-04-04 07:25:07] checksms status<br />
[2012-04-04 07:30:01] checksms status<br />
[2012-04-04 07:35:04] checksms status<br />
[2012-04-04 07:40:01] checksms status<br />
[2012-04-04 07:45:01] checksms status<br />
[2012-04-04 07:50:05] checksms status<br />
[2012-04-04 07:55:02] checksms status<br />
[2012-04-04 08:00:01] checksms status<br />
[2012-04-04 08:05:02] checksms status<br />
[2012-04-04 08:10:01] checksms status<br />
[2012-04-04 08:15:01] checksms status<br />
[2012-04-04 08:20:01] checksms status<br />
[2012-04-04 08:25:01] checksms status<br />
[2012-04-04 08:30:03] checksms status<br />
[2012-04-04 08:35:01] checksms status<br />
[2012-04-04 08:40:01] checksms status<br />
[2012-04-04 08:45:01] checksms status<br />
[2012-04-04 08:50:02] checksms status<br />
[2012-04-04 08:55:05] checksms status<br />
[2012-04-04 09:00:01] checksms status<br />
[2012-04-04 09:05:01] checksms status<br />
[2012-04-04 09:10:02] checksms status<br />
[2012-04-04 09:15:01] checksms status<br />
[2012-04-04 09:20:05] checksms status<br />
[2012-04-04 09:25:02] checksms status<br />
[2012-04-04 09:30:03] checksms status<br />
[2012-04-04 09:35:01] checksms status<br />
[2012-04-04 09:40:01] checksms status<br />
[2012-04-04 09:45:01] checksms status<br />
[2012-04-04 09:50:01] checksms status<br />
[2012-04-04 09:55:01] checksms status<br />
[2012-04-04 10:00:07] checksms status<br />
[2012-04-04 10:05:01] checksms status<br />
[2012-04-04 10:10:02] checksms status<br />
[2012-04-04 10:15:01] checksms status<br />
[2012-04-04 10:20:03] checksms status<br />
[2012-04-04 10:25:02] checksms status<br />
[2012-04-04 10:30:02] checksms status<br />
[2012-04-04 10:35:01] checksms status<br />
[2012-04-04 10:40:01] checksms status<br />
[2012-04-04 10:45:01] checksms status<br />
[2012-04-04 10:50:01] checksms status<br />
[2012-04-04 10:55:02] checksms status<br />
[2012-04-04 11:00:01] checksms status<br />
[2012-04-04 11:05:01] checksms status<br />
[2012-04-04 11:10:01] checksms status<br />
[2012-04-04 11:10:01] updating smslog 3, 3<br />
[2012-04-04 11:10:01] cek total count untuk Campaign #117, Total=3, Success=3<br />
[2012-04-04 11:10:01] Report: IndoCRM: Report Campaign #117 "PPT VIII"<br />
Campaign PPT VIII telah terkirim dengan detail sbb
Total terkirim: 3



--
Pesan ini telah diproduksi dan didistribusikan oleh PT Sinar Media Tiga, Raya Sulfat 96c, Malang, Indonesia 65123 - 0341-406633<br />
[2012-04-04 11:15:01] checksms status<br />
[2012-04-04 11:15:01] updating smslog 1, 1<br />
[2012-04-04 11:20:01] checksms status<br />
[2012-04-04 11:25:01] checksms status<br />
[2012-04-04 11:25:01] updating smslog 1, 1<br />
[2012-04-04 11:30:01] checksms status<br />
[2012-04-04 11:35:01] checksms status<br />
[2012-04-04 11:40:01] checksms status<br />
[2012-04-04 11:45:01] checksms status<br />
[2012-04-04 11:50:03] checksms status<br />
[2012-04-04 11:55:02] checksms status<br />
[2012-04-04 12:00:03] checksms status<br />
[2012-04-04 12:05:02] checksms status<br />
[2012-04-04 12:10:01] checksms status<br />
[2012-04-04 12:15:04] checksms status<br />
[2012-04-04 12:20:01] checksms status<br />
[2012-04-04 12:25:01] checksms status<br />
[2012-04-04 12:30:02] checksms status<br />
[2012-04-04 12:35:01] checksms status<br />
[2012-04-04 12:40:01] checksms status<br />
[2012-04-04 12:45:01] checksms status<br />
[2012-04-04 12:50:02] checksms status<br />
[2012-04-04 12:55:01] checksms status<br />
[2012-04-04 13:00:01] checksms status<br />
[2012-04-04 13:05:01] checksms status<br />
[2012-04-04 13:10:04] checksms status<br />
[2012-04-04 13:15:01] checksms status<br />
[2012-04-04 13:20:05] checksms status<br />
[2012-04-04 13:20:06] updating smslog 6, 0<br />
[2012-04-04 13:25:01] checksms status<br />
[2012-04-04 13:25:01] updating smslog 6, 6<br />
[2012-04-04 13:25:01] cek total count untuk Campaign #118, Total=6, Success=6<br />
[2012-04-04 13:25:01] Report: IndoCRM: Report Campaign #118 "Services simetri"<br />
Campaign Services simetri telah terkirim dengan detail sbb
Total terkirim: 6



--
Pesan ini telah diproduksi dan didistribusikan oleh PT Sinar Media Tiga, Raya Sulfat 96c, Malang, Indonesia 65123 - 0341-406633<br />
[2012-04-04 13:30:04] checksms status<br />
[2012-04-04 13:35:01] checksms status<br />
[2012-04-04 13:40:02] checksms status<br />
[2012-04-04 13:45:01] checksms status<br />
[2012-04-04 13:50:01] checksms status<br />
[2012-04-04 13:55:01] checksms status<br />
[2012-04-04 14:00:02] checksms status<br />
[2012-04-04 14:05:01] checksms status<br />
[2012-04-04 14:10:01] checksms status<br />
[2012-04-04 14:15:02] checksms status<br />
[2012-04-04 14:20:01] checksms status<br />
[2012-04-04 14:25:01] checksms status<br />
[2012-04-04 14:30:05] checksms status<br />
[2012-04-04 14:35:01] checksms status<br />
[2012-04-04 14:40:04] checksms status<br />
[2012-04-04 14:45:01] checksms status<br />
[2012-04-04 14:50:01] checksms status<br />
[2012-04-04 14:55:01] checksms status<br />
[2012-04-04 15:00:01] checksms status<br />
[2012-04-04 15:05:01] checksms status<br />
[2012-04-04 15:10:01] checksms status<br />
[2012-04-04 15:15:04] checksms status<br />
[2012-04-04 15:20:01] checksms status<br />
[2012-04-04 15:25:01] checksms status<br />
[2012-04-04 15:30:04] checksms status<br />
[2012-04-04 15:35:01] checksms status<br />
[2012-04-04 15:40:01] checksms status<br />
[2012-04-04 15:45:01] checksms status<br />
[2012-04-04 15:50:01] checksms status<br />
[2012-04-04 15:55:01] checksms status<br />
[2012-04-04 16:00:01] checksms status<br />
[2012-04-04 16:05:01] checksms status<br />
[2012-04-04 16:10:03] checksms status<br />
[2012-04-04 16:15:01] checksms status<br />
[2012-04-04 16:20:01] checksms status<br />
[2012-04-04 16:25:02] checksms status<br />
[2012-04-04 16:30:01] checksms status<br />
[2012-04-04 16:35:01] checksms status<br />
[2012-04-04 16:40:01] checksms status<br />
[2012-04-04 16:45:02] checksms status<br />
[2012-04-04 16:50:05] checksms status<br />
[2012-04-04 16:55:01] checksms status<br />
[2012-04-04 17:00:08] checksms status<br />
[2012-04-04 17:05:01] checksms status<br />
[2012-04-04 17:10:02] checksms status<br />
[2012-04-04 17:15:01] checksms status<br />
[2012-04-04 17:20:01] checksms status<br />
[2012-04-04 17:25:01] checksms status<br />
[2012-04-04 17:30:01] checksms status<br />
[2012-04-04 17:35:01] checksms status<br />
[2012-04-04 17:40:01] checksms status<br />
[2012-04-04 17:45:01] checksms status<br />
[2012-04-04 17:50:02] checksms status<br />
[2012-04-04 17:55:02] checksms status<br />
[2012-04-04 18:00:03] checksms status<br />
[2012-04-04 18:05:01] checksms status<br />
[2012-04-04 18:10:01] checksms status<br />
[2012-04-04 18:15:02] checksms status<br />
[2012-04-04 18:20:03] checksms status<br />
[2012-04-04 18:25:01] checksms status<br />
[2012-04-04 18:30:02] checksms status<br />
[2012-04-04 18:35:01] checksms status<br />
[2012-04-04 18:40:08] checksms status<br />
[2012-04-04 18:45:01] checksms status<br />
[2012-04-04 18:50:03] checksms status<br />
[2012-04-04 18:55:01] checksms status<br />
[2012-04-04 19:00:02] checksms status<br />
[2012-04-04 19:05:01] checksms status<br />
[2012-04-04 19:10:02] checksms status<br />
[2012-04-04 19:15:02] checksms status<br />
[2012-04-04 19:20:02] checksms status<br />
[2012-04-04 19:25:01] checksms status<br />
[2012-04-04 19:30:03] checksms status<br />
[2012-04-04 19:35:01] checksms status<br />
[2012-04-04 19:40:03] checksms status<br />
[2012-04-04 19:45:01] checksms status<br />
[2012-04-04 19:50:02] checksms status<br />
[2012-04-04 19:55:02] checksms status<br />
[2012-04-04 20:00:11] checksms status<br />
[2012-04-04 20:05:02] checksms status<br />
[2012-04-04 20:10:01] checksms status<br />
[2012-04-04 20:15:01] checksms status<br />
[2012-04-04 20:20:01] checksms status<br />
[2012-04-04 20:25:01] checksms status<br />
[2012-04-04 20:30:05] checksms status<br />
[2012-04-04 20:35:01] checksms status<br />
[2012-04-04 20:40:03] checksms status<br />
[2012-04-04 20:45:01] checksms status<br />
[2012-04-04 20:50:05] checksms status<br />
[2012-04-04 20:55:01] checksms status<br />
[2012-04-04 21:00:03] checksms status<br />
[2012-04-04 21:05:01] checksms status<br />
[2012-04-04 21:10:02] checksms status<br />
[2012-04-04 21:15:01] checksms status<br />
[2012-04-04 21:20:01] checksms status<br />
[2012-04-04 21:25:01] checksms status<br />
[2012-04-04 21:30:02] checksms status<br />
[2012-04-04 21:35:01] checksms status<br />
[2012-04-04 21:40:01] checksms status<br />
[2012-04-04 21:45:02] checksms status<br />
[2012-04-04 21:50:01] checksms status<br />
[2012-04-04 21:55:02] checksms status<br />
[2012-04-04 22:00:04] checksms status<br />
[2012-04-04 22:05:01] checksms status<br />
[2012-04-04 22:10:02] checksms status<br />
[2012-04-04 22:15:01] checksms status<br />
[2012-04-04 22:20:02] checksms status<br />
[2012-04-04 22:25:01] checksms status<br />
[2012-04-04 22:30:02] checksms status<br />
[2012-04-04 22:35:01] checksms status<br />
[2012-04-04 22:40:01] checksms status<br />
[2012-04-04 22:45:01] checksms status<br />
[2012-04-04 22:50:03] checksms status<br />
[2012-04-04 22:55:01] checksms status<br />
[2012-04-04 23:00:01] checksms status<br />
[2012-04-04 23:05:01] checksms status<br />
[2012-04-04 23:10:01] checksms status<br />
[2012-04-04 23:15:01] checksms status<br />
[2012-04-04 23:20:03] checksms status<br />
[2012-04-04 23:25:03] checksms status<br />
[2012-04-04 23:30:01] checksms status<br />
[2012-04-04 23:35:01] checksms status<br />
[2012-04-04 23:40:02] checksms status<br />
[2012-04-04 23:45:01] checksms status<br />
[2012-04-04 23:50:01] checksms status<br />
[2012-04-04 23:55:01] checksms status<br />
[2012-04-05 00:00:08] checksms status<br />
[2012-04-05 00:05:01] checksms status<br />
[2012-04-05 00:10:02] checksms status<br />
[2012-04-05 00:15:02] checksms status<br />
[2012-04-05 00:20:02] checksms status<br />
[2012-04-05 00:25:01] checksms status<br />
[2012-04-05 00:30:02] checksms status<br />
[2012-04-05 00:35:02] checksms status<br />
[2012-04-05 00:40:02] checksms status<br />
[2012-04-05 00:45:01] checksms status<br />
[2012-04-05 00:50:01] checksms status<br />
[2012-04-05 00:55:01] checksms status<br />
[2012-04-05 01:00:01] checksms status<br />
[2012-04-05 01:05:01] checksms status<br />
[2012-04-05 01:10:03] checksms status<br />
[2012-04-05 01:15:01] checksms status<br />
[2012-04-05 01:20:01] checksms status<br />
[2012-04-05 01:25:03] checksms status<br />
[2012-04-05 01:30:02] checksms status<br />
[2012-04-05 01:35:01] checksms status<br />
[2012-04-05 01:40:02] checksms status<br />
[2012-04-05 01:45:01] checksms status<br />
[2012-04-05 01:50:02] checksms status<br />
[2012-04-05 01:55:01] checksms status<br />
[2012-04-05 02:00:02] checksms status<br />
[2012-04-05 02:05:01] checksms status<br />
[2012-04-05 02:10:03] checksms status<br />
[2012-04-05 02:15:01] checksms status<br />
[2012-04-05 02:20:01] checksms status<br />
[2012-04-05 02:25:01] checksms status<br />
[2012-04-05 02:30:01] checksms status<br />
[2012-04-05 02:35:01] checksms status<br />
[2012-04-05 02:40:05] checksms status<br />
[2012-04-05 02:45:02] checksms status<br />
[2012-04-05 02:50:01] checksms status<br />
[2012-04-05 02:55:02] checksms status<br />
[2012-04-05 03:00:01] checksms status<br />
[2012-04-05 03:05:03] checksms status<br />
[2012-04-05 03:10:01] checksms status<br />
[2012-04-05 03:15:01] checksms status<br />
[2012-04-05 03:20:06] checksms status<br />
[2012-04-05 03:25:02] checksms status<br />
[2012-04-05 03:30:01] checksms status<br />
[2012-04-05 03:35:03] checksms status<br />
[2012-04-05 03:40:03] checksms status<br />
[2012-04-05 03:45:01] checksms status<br />
[2012-04-05 03:50:01] checksms status<br />
[2012-04-05 03:55:02] checksms status<br />
[2012-04-05 04:00:02] checksms status<br />
[2012-04-05 04:05:01] checksms status<br />
[2012-04-05 04:10:02] checksms status<br />
