[2012-04-05 00:05:01] GENERATING INVOICE!<br />
[2012-04-05 00:05:01] generate invoice for Radio Dakwah Islamiyah 100,5 FM<br />
[2012-04-05 00:05:01] Report: [IndoCRM.com] Tagihan bulan Apr/12 IndoCRM #23<br />
Halo Radio Dakwah Islamiyah 100,5 FM

Berikut adalah detail tagihan akun IndoCRM anda untuk bulan Apr/12

Invoice Number: #23
To: Radio Dakwah Islamiyah 100,5 FM
Address: Jalan Kapten Piere Tendean gang 1 C, Malang
Jawa Timur, Indonesia, 65117

Deskripsi: Tagihan IndoCRM Bulan Apr/12
Jumlah Tagihan: Rp. 50000,-
Due: 12/Apr/2012,-

Pembayaran dapat di transfer ke rekening:BCA
an Joko Siswanto
448.028.3339

Mohon lakukan pembayaran paling lambat 7 hari setelah e-mail ini dikirimkan.

Terima kasih telah menggunakan IndoCRM

--
Pesan ini telah diproduksi dan didistribusikan oleh PT Sinar Media Tiga, Raya Sulfat 96c, Malang, Indonesia 65123 - 0341-406633<br />
[2012-04-05 00:05:01] generate invoice for IKA ALUMNI ST3<br />
[2012-04-05 00:05:01] Report: [IndoCRM.com] Tagihan bulan Apr/12 IndoCRM #24<br />
Halo IKA ALUMNI ST3

Berikut adalah detail tagihan akun IndoCRM anda untuk bulan Apr/12

Invoice Number: #24
To: IKA ALUMNI ST3
Address: Jl. Slamet Riyadi 39, Lawang
Jatim, Indonesia, 65201

Deskripsi: Tagihan IndoCRM Bulan Apr/12
Jumlah Tagihan: Rp. 50000,-
Due: 12/Apr/2012,-

Pembayaran dapat di transfer ke rekening:BCA
an Joko Siswanto
448.028.3339

Mohon lakukan pembayaran paling lambat 7 hari setelah e-mail ini dikirimkan.

Terima kasih telah menggunakan IndoCRM

--
Pesan ini telah diproduksi dan didistribusikan oleh PT Sinar Media Tiga, Raya Sulfat 96c, Malang, Indonesia 65123 - 0341-406633<br />
